
Showing logs for build [32mcb-kubecd-environment-pr-1429-8-njlwk-1[0m stage [32mfrom-build-pack[0m and container [32mstep-credential-initializer-q977z[0m
{"level":"info","ts":1587544595.768385,"logger":"fallback-logger","caller":"logging/config.go:69","msg":"Fetch GitHub commit ID from kodata failed: open /var/run/ko/refs/heads/0.8.0-ns-support: no such file or directory"}
{"level":"info","ts":1587544595.7691796,"logger":"fallback-logger","caller":"creds-init/main.go:40","msg":"Credentials initialized."}

Showing logs for build [32mcb-kubecd-environment-pr-1429-8-njlwk-1[0m stage [32mfrom-build-pack[0m and container [32mstep-working-dir-initializer-xhfbs[0m
{"level":"info","ts":1587544596.483584,"logger":"fallback-logger","caller":"logging/config.go:69","msg":"Fetch GitHub commit ID from kodata failed: open /var/run/ko/HEAD: no such file or directory"}
{"level":"info","ts":1587544596.485291,"logger":"fallback-logger","caller":"bash/main.go:64","msg":"Successfully executed command \"sh -c mkdir -p /workspace/source\"; output "}

Showing logs for build [32mcb-kubecd-environment-pr-1429-8-njlwk-1[0m stage [32mfrom-build-pack[0m and container [32mstep-place-tools[0m

Showing logs for build [32mcb-kubecd-environment-pr-1429-8-njlwk-1[0m stage [32mfrom-build-pack[0m and container [32mstep-git-source-cb-kubecd-environment-pr-1429-8-njlwk-d995s[0m
{"level":"info","ts":1587544602.7200978,"logger":"fallback-logger","caller":"logging/config.go:69","msg":"Fetch GitHub commit ID from kodata failed: open /var/run/ko/refs/heads/0.8.0-ns-support: no such file or directory"}
{"level":"info","ts":1587544604.0079286,"logger":"fallback-logger","caller":"git/git.go:103","msg":"Successfully cloned https://github.com/cb-kubecd/environment-pr-1429-8-bdd-frontend-staging.git @ master in path /workspace/source"}

Showing logs for build [32mcb-kubecd-environment-pr-1429-8-njlwk-1[0m stage [32mfrom-build-pack[0m and container [32mstep-git-merge[0m
Using SHAs from PULL_REFS=master:e6aa13e70b70c243494bade871ac98112c86679e,1:420888f6dd89cda4578ad0f672c76c5c76786dac
DEBUG: LC_ALL=C JX_LOG_LEVEL=error git fetch origin --unshallow 420888f6dd89cda4578ad0f672c76c5c76786dac: e6aa13e70b70c243494bade871ac98112c86679e:
DEBUG: ran git fetch --unshallow origin 420888f6dd89cda4578ad0f672c76c5c76786dac: e6aa13e70b70c243494bade871ac98112c86679e: in 
DEBUG: LC_ALL=C JX_LOG_LEVEL=error git branch
DEBUG: LC_ALL=C JX_LOG_LEVEL=error git checkout master
DEBUG: ran git checkout master in 
DEBUG: LC_ALL=C JX_LOG_LEVEL=error git reset --hard e6aa13e70b70c243494bade871ac98112c86679e
DEBUG: ran git reset --hard e6aa13e70b70c243494bade871ac98112c86679e in 
DEBUG: LC_ALL=C JX_LOG_LEVEL=error git clean -fd .
DEBUG: ran clean --force -d . in 
DEBUG: LC_ALL=C JX_LOG_LEVEL=error git merge 420888f6dd89cda4578ad0f672c76c5c76786dac
DEBUG: ran git merge 420888f6dd89cda4578ad0f672c76c5c76786dac in 
DEBUG: LC_ALL=C JX_LOG_LEVEL=error git log --format=%H%x1f%an%x1f%ae%x1f%cn%x1f%ce%x1f%s%n%b%x1e e6aa13e70b70c243494bade871ac98112c86679e..HEAD
Merged SHA 420888f6dd89cda4578ad0f672c76c5c76786dac with commit message 'chore: Promote bdd-nh-1587543575 to version 0.0.1' into base branch master

Showing logs for build [32mcb-kubecd-environment-pr-1429-8-njlwk-1[0m stage [32mfrom-build-pack[0m and container [32mstep-build-helm-build[0m
WARNING: No $CHART_REPOSITORY defined so using the default value of: http://jenkins-x-chartmuseum:8080
Adding missing Helm repo: storage.googleapis.com https://storage.googleapis.com/chartmuseum.jenkins-x.io
WARNING: No secrets found on "helm/repos" due: reading the secret "helm/repos" from vault: no secret "helm/repos" not found in vault
Read credentials for https://storage.googleapis.com/chartmuseum.jenkins-x.io from vault helm/repos
Successfully added Helm repository storage.googleapis.com.
Adding missing Helm repo: jenkins-x-chartmuseum http://jenkins-x-chartmuseum:8080
WARNING: No secrets found on "helm/repos" due: reading the secret "helm/repos" from vault: no secret "helm/repos" not found in vault
Read credentials for http://jenkins-x-chartmuseum:8080 from vault helm/repos
Successfully added Helm repository jenkins-x-chartmuseum.
WARNING: No $CHART_REPOSITORY defined so using the default value of: http://jenkins-x-chartmuseum:8080
Adding missing Helm repo: chartmuseum.jenkins-x.io http://chartmuseum.jenkins-x.io
WARNING: No secrets found on "helm/repos" due: reading the secret "helm/repos" from vault: no secret "helm/repos" not found in vault
Read credentials for http://chartmuseum.jenkins-x.io from vault helm/repos
Successfully added Helm repository chartmuseum.jenkins-x.io.
